<?xml version="1.0" encoding="UTF-8"?>
<!-- Generated by org.testng.reporters.JUnitXMLReporter -->
<testsuite ignored="0" hostname="DESKTOP-IBNPS0O" failures="0" tests="2" name="Default test" time="0.155" errors="0" timestamp="2024-01-19T17:47:42 IST">
  <testcase classname="AllureTest.TestCase3" name="testMethod3" time="0.048">
    <skipped/>
  </testcase> <!-- testMethod3 -->
  <testcase classname="AllureTest.TestCase3" name="testMethod4" time="0.007">
    <skipped/>
  </testcase> <!-- testMethod4 -->
</testsuite> <!-- Default test -->
