<?xml version="1.0" encoding="UTF-8"?>
<!-- Generated by org.testng.reporters.JUnitXMLReporter -->
<testsuite ignored="0" hostname="DESKTOP-IBNPS0O" failures="0" tests="4" name="Default test" time="16.003" errors="0" timestamp="2024-01-24T17:37:37 IST">
  <testcase classname="TestNGPackage.OrangeHRMTest" name="getTitle" time="0.078"/>
  <testcase classname="TestNGPackage.OrangeHRMTest" name="getUrl" time="0.014"/>
  <testcase classname="TestNGPackage.OrangeHRMTest" name="loginTest" time="0.732"/>
  <testcase classname="TestNGPackage.OrangeHRMTest" name="logout" time="0.701"/>
</testsuite> <!-- Default test -->
